<?xml version="1.0" encoding="UTF-8"?>
<!-- Generated by org.testng.reporters.JUnitXMLReporter -->
<testsuite ignored="1" hostname="DESKTOP-CRAHLF4" failures="0" tests="9" name="TMSBaseClass" time="20.587" errors="0" timestamp="2024-08-02T14:01:28 IST">
  <testcase classname="com.tms.dataPages.TC_LoginTest_001" name="loginTest" time="0.035"/>
  <testcase classname="com.tms.dataPages.TC_LoginTest_001" name="pageTitle" time="3.385"/>
  <testcase classname="com.tms.dataPages.TC_LoginTest_001" name="verifyHeader" time="3.777"/>
  <testcase classname="com.tms.dataPages.TC_LoginTest_001" name="verifyLoginTitle" time="5.096"/>
  <testcase classname="com.tms.dataPages.TC_LoginTest_001" name="usernameInputField" time="0.421"/>
  <testcase classname="com.tms.dataPages.TC_LoginTest_001" name="passwordInputField" time="0.167"/>
  <testcase classname="com.tms.dataPages.TC_LoginTest_001" name="eyeIcon" time="0.117"/>
  <testcase classname="com.tms.dataPages.TC_LoginTest_001" name="verifyCheckBox" time="0.141"/>
  <testcase classname="com.tms.dataPages.TC_LoginTest_001" name="verifyLoginButton" time="0.143"/>
  <testcase classname="com.tms.dataPages.TC_LoginTest_001" name="verifyRemebermeText" time="0.0">
    <ignored/>
  </testcase> <!-- verifyRemebermeText -->
</testsuite> <!-- TMSBaseClass -->
