<?xml version="1.0" encoding="UTF-8"?>
<!-- Generated by org.testng.reporters.JUnitXMLReporter -->
<testsuite ignored="0" hostname="DESKTOP-CRAHLF4" failures="0" tests="5" name="Default test" time="21.849" errors="0" timestamp="2024-08-02T12:13:57 IST">
  <testcase classname="com.tms.dataPages.TC_LoginTest_001" name="loginTest" time="0.033"/>
  <testcase classname="com.tms.dataPages.TC_LoginTest_001" name="pageTitle" time="3.421"/>
  <testcase classname="com.tms.dataPages.TC_LoginTest_001" name="usernameInputField" time="0.188"/>
  <testcase classname="com.tms.dataPages.TC_LoginTest_001" name="verifyHeader" time="3.642"/>
  <testcase classname="com.tms.dataPages.TC_LoginTest_001" name="verifyLoginTitle" time="7.032"/>
</testsuite> <!-- Default test -->
